2025-02-25T11:11:48.367+03:00  INFO 46755 --- [web_aplication] [main] c.e.w.WebAplicationApplication           : Starting WebAplicationApplication using Java 17.0.14 with PID 46755 (/home/ilya/my-website/web_aplication/target/classes started by ilya in /home/ilya/my-website/web_aplication)
2025-02-25T11:11:48.370+03:00 DEBUG 46755 --- [web_aplication] [main] c.e.w.WebAplicationApplication           : Running with Spring Boot v3.4.2, Spring v6.2.2
2025-02-25T11:11:48.372+03:00  INFO 46755 --- [web_aplication] [main] c.e.w.WebAplicationApplication           : No active profile set, falling back to 1 default profile: "default"
2025-02-25T11:11:49.156+03:00  INFO 46755 --- [web_aplication] [main] .s.d.r.c.RepositoryConfigurationDelegate : Bootstrapping Spring Data JPA repositories in DEFAULT mode.
2025-02-25T11:11:49.228+03:00  INFO 46755 --- [web_aplication] [main] .s.d.r.c.RepositoryConfigurationDelegate : Finished Spring Data repository scanning in 60 ms. Found 4 JPA repository interfaces.
2025-02-25T11:11:49.702+03:00  INFO 46755 --- [web_aplication] [main] o.s.b.w.embedded.tomcat.TomcatWebServer  : Tomcat initialized with port 8080 (http)
2025-02-25T11:11:49.713+03:00  INFO 46755 --- [web_aplication] [main] o.apache.catalina.core.StandardService   : Starting service [Tomcat]
2025-02-25T11:11:49.713+03:00  INFO 46755 --- [web_aplication] [main] o.apache.catalina.core.StandardEngine    : Starting Servlet engine: [Apache Tomcat/10.1.34]
2025-02-25T11:11:49.756+03:00  INFO 46755 --- [web_aplication] [main] o.a.c.c.C.[Tomcat].[localhost].[/]       : Initializing Spring embedded WebApplicationContext
2025-02-25T11:11:49.756+03:00  INFO 46755 --- [web_aplication] [main] w.s.c.ServletWebServerApplicationContext : Root WebApplicationContext: initialization completed in 1303 ms
2025-02-25T11:11:49.879+03:00  INFO 46755 --- [web_aplication] [main] o.hibernate.jpa.internal.util.LogHelper  : HHH000204: Processing PersistenceUnitInfo [name: default]
2025-02-25T11:11:49.921+03:00  INFO 46755 --- [web_aplication] [main] org.hibernate.Version                    : HHH000412: Hibernate ORM core version 6.6.5.Final
2025-02-25T11:11:49.968+03:00  INFO 46755 --- [web_aplication] [main] o.h.c.internal.RegionFactoryInitiator    : HHH000026: Second-level cache disabled
2025-02-25T11:11:50.188+03:00  INFO 46755 --- [web_aplication] [main] o.s.o.j.p.SpringPersistenceUnitInfo      : No LoadTimeWeaver setup: ignoring JPA class transformer
2025-02-25T11:11:50.210+03:00  INFO 46755 --- [web_aplication] [main] com.zaxxer.hikari.HikariDataSource       : HikariPool-1 - Starting...
2025-02-25T11:11:50.450+03:00  INFO 46755 --- [web_aplication] [main] com.zaxxer.hikari.pool.HikariPool        : HikariPool-1 - Added connection com.mysql.cj.jdbc.ConnectionImpl@30c8c6ab
2025-02-25T11:11:50.452+03:00  INFO 46755 --- [web_aplication] [main] com.zaxxer.hikari.HikariDataSource       : HikariPool-1 - Start completed.
2025-02-25T11:11:50.509+03:00  INFO 46755 --- [web_aplication] [main] org.hibernate.orm.connections.pooling    : HHH10001005: Database info:
	Database JDBC URL [Connecting through datasource 'HikariDataSource (HikariPool-1)']
	Database driver: undefined/unknown
	Database version: 8.0.41
	Autocommit mode: undefined/unknown
	Isolation level: undefined/unknown
	Minimum pool size: undefined/unknown
	Maximum pool size: undefined/unknown
2025-02-25T11:11:51.233+03:00  INFO 46755 --- [web_aplication] [main] o.h.e.t.j.p.i.JtaPlatformInitiator       : HHH000489: No JTA platform available (set 'hibernate.transaction.jta.platform' to enable JTA platform integration)
2025-02-25T11:11:51.307+03:00  INFO 46755 --- [web_aplication] [main] j.LocalContainerEntityManagerFactoryBean : Initialized JPA EntityManagerFactory for persistence unit 'default'
2025-02-25T11:11:51.680+03:00  WARN 46755 --- [web_aplication] [main] JpaBaseConfiguration$JpaWebConfiguration : spring.jpa.open-in-view is enabled by default. Therefore, database queries may be performed during view rendering. Explicitly configure spring.jpa.open-in-view to disable this warning
2025-02-25T11:11:51.698+03:00  WARN 46755 --- [web_aplication] [main] .s.s.UserDetailsServiceAutoConfiguration : 

Using generated security password: 1727d555-156f-4b86-a079-01c585f0e538

This generated password is for development use only. Your security configuration must be updated before running your application in production.

2025-02-25T11:11:51.709+03:00  INFO 46755 --- [web_aplication] [main] r$InitializeUserDetailsManagerConfigurer : Global AuthenticationManager configured with UserDetailsService bean with name inMemoryUserDetailsManager
2025-02-25T11:11:52.062+03:00  WARN 46755 --- [web_aplication] [main] ion$DefaultTemplateResolverConfiguration : Cannot find template location: classpath:/templates/ (please add some templates, check your Thymeleaf configuration, or set spring.thymeleaf.check-template-location=false)
2025-02-25T11:11:52.210+03:00  INFO 46755 --- [web_aplication] [main] o.s.b.w.embedded.tomcat.TomcatWebServer  : Tomcat started on port 8080 (http) with context path '/'
2025-02-25T11:11:52.218+03:00  INFO 46755 --- [web_aplication] [main] c.e.w.WebAplicationApplication           : Started WebAplicationApplication in 4.588 seconds (process running for 5.195)
2025-02-25T11:12:16.854+03:00  INFO 46755 --- [web_aplication] [http-nio-8080-exec-1] o.a.c.c.C.[Tomcat].[localhost].[/]       : Initializing Spring DispatcherServlet 'dispatcherServlet'
2025-02-25T11:12:16.854+03:00  INFO 46755 --- [web_aplication] [http-nio-8080-exec-1] o.s.web.servlet.DispatcherServlet        : Initializing Servlet 'dispatcherServlet'
2025-02-25T11:12:16.856+03:00  INFO 46755 --- [web_aplication] [http-nio-8080-exec-1] o.s.web.servlet.DispatcherServlet        : Completed initialization in 2 ms
2025-02-25T11:12:16.937+03:00  INFO 46755 --- [web_aplication] [http-nio-8080-exec-1] c.e.web_aplication.services.LikeService  : Создание лайка: com.example.web_aplication.dto.LikeDTO@6fc55aa0
2025-02-25T11:12:17.026+03:00  INFO 46755 --- [web_aplication] [http-nio-8080-exec-1] c.e.web_aplication.services.LikeService  : Лайк успешно создан: com.example.web_aplication.model.Like@a3a3536
2025-02-25T11:13:38.355+03:00  INFO 46755 --- [web_aplication] [http-nio-8080-exec-5] c.e.web_aplication.services.UserService  : Создание пользователя(юзера): com.example.web_aplication.dto.UserDTO@795f6191
2025-02-25T11:13:38.370+03:00  INFO 46755 --- [web_aplication] [http-nio-8080-exec-5] c.e.web_aplication.services.UserService  : Юзер успешно создан: com.example.web_aplication.model.User@ffb59ab
2025-02-25T11:32:53.442+03:00  INFO 46755 --- [web_aplication] [SpringApplicationShutdownHook] o.s.b.w.e.tomcat.GracefulShutdown        : Commencing graceful shutdown. Waiting for active requests to complete
2025-02-25T11:32:53.445+03:00  INFO 46755 --- [web_aplication] [tomcat-shutdown] o.s.b.w.e.tomcat.GracefulShutdown        : Graceful shutdown complete
2025-02-25T11:32:53.451+03:00  INFO 46755 --- [web_aplication] [SpringApplicationShutdownHook] j.LocalContainerEntityManagerFactoryBean : Closing JPA EntityManagerFactory for persistence unit 'default'
2025-02-25T11:32:53.454+03:00  INFO 46755 --- [web_aplication] [SpringApplicationShutdownHook] com.zaxxer.hikari.HikariDataSource       : HikariPool-1 - Shutdown initiated...
2025-02-25T11:32:53.462+03:00  INFO 46755 --- [web_aplication] [SpringApplicationShutdownHook] com.zaxxer.hikari.HikariDataSource       : HikariPool-1 - Shutdown completed.
2025-02-25T11:32:56.991+03:00  INFO 47465 --- [web_aplication] [main] c.e.w.WebAplicationApplication           : Starting WebAplicationApplication using Java 17.0.14 with PID 47465 (/home/ilya/my-website/web_aplication/target/classes started by ilya in /home/ilya/my-website/web_aplication)
2025-02-25T11:32:56.993+03:00 DEBUG 47465 --- [web_aplication] [main] c.e.w.WebAplicationApplication           : Running with Spring Boot v3.4.2, Spring v6.2.2
2025-02-25T11:32:56.994+03:00  INFO 47465 --- [web_aplication] [main] c.e.w.WebAplicationApplication           : No active profile set, falling back to 1 default profile: "default"
2025-02-25T11:32:57.842+03:00  INFO 47465 --- [web_aplication] [main] .s.d.r.c.RepositoryConfigurationDelegate : Bootstrapping Spring Data JPA repositories in DEFAULT mode.
2025-02-25T11:32:57.902+03:00  INFO 47465 --- [web_aplication] [main] .s.d.r.c.RepositoryConfigurationDelegate : Finished Spring Data repository scanning in 49 ms. Found 4 JPA repository interfaces.
2025-02-25T11:32:58.393+03:00  INFO 47465 --- [web_aplication] [main] o.s.b.w.embedded.tomcat.TomcatWebServer  : Tomcat initialized with port 8080 (http)
2025-02-25T11:32:58.406+03:00  INFO 47465 --- [web_aplication] [main] o.apache.catalina.core.StandardService   : Starting service [Tomcat]
2025-02-25T11:32:58.406+03:00  INFO 47465 --- [web_aplication] [main] o.apache.catalina.core.StandardEngine    : Starting Servlet engine: [Apache Tomcat/10.1.34]
2025-02-25T11:32:58.452+03:00  INFO 47465 --- [web_aplication] [main] o.a.c.c.C.[Tomcat].[localhost].[/]       : Initializing Spring embedded WebApplicationContext
2025-02-25T11:32:58.453+03:00  INFO 47465 --- [web_aplication] [main] w.s.c.ServletWebServerApplicationContext : Root WebApplicationContext: initialization completed in 1413 ms
2025-02-25T11:32:58.598+03:00  INFO 47465 --- [web_aplication] [main] o.hibernate.jpa.internal.util.LogHelper  : HHH000204: Processing PersistenceUnitInfo [name: default]
2025-02-25T11:32:58.649+03:00  INFO 47465 --- [web_aplication] [main] org.hibernate.Version                    : HHH000412: Hibernate ORM core version 6.6.5.Final
2025-02-25T11:32:58.685+03:00  INFO 47465 --- [web_aplication] [main] o.h.c.internal.RegionFactoryInitiator    : HHH000026: Second-level cache disabled
2025-02-25T11:32:58.886+03:00  INFO 47465 --- [web_aplication] [main] o.s.o.j.p.SpringPersistenceUnitInfo      : No LoadTimeWeaver setup: ignoring JPA class transformer
2025-02-25T11:32:58.906+03:00  INFO 47465 --- [web_aplication] [main] com.zaxxer.hikari.HikariDataSource       : HikariPool-1 - Starting...
2025-02-25T11:32:59.139+03:00  INFO 47465 --- [web_aplication] [main] com.zaxxer.hikari.pool.HikariPool        : HikariPool-1 - Added connection com.mysql.cj.jdbc.ConnectionImpl@2b9d4b0
2025-02-25T11:32:59.140+03:00  INFO 47465 --- [web_aplication] [main] com.zaxxer.hikari.HikariDataSource       : HikariPool-1 - Start completed.
2025-02-25T11:32:59.201+03:00  INFO 47465 --- [web_aplication] [main] org.hibernate.orm.connections.pooling    : HHH10001005: Database info:
	Database JDBC URL [Connecting through datasource 'HikariDataSource (HikariPool-1)']
	Database driver: undefined/unknown
	Database version: 8.0.41
	Autocommit mode: undefined/unknown
	Isolation level: undefined/unknown
	Minimum pool size: undefined/unknown
	Maximum pool size: undefined/unknown
2025-02-25T11:32:59.977+03:00  INFO 47465 --- [web_aplication] [main] o.h.e.t.j.p.i.JtaPlatformInitiator       : HHH000489: No JTA platform available (set 'hibernate.transaction.jta.platform' to enable JTA platform integration)
2025-02-25T11:33:00.051+03:00  INFO 47465 --- [web_aplication] [main] j.LocalContainerEntityManagerFactoryBean : Initialized JPA EntityManagerFactory for persistence unit 'default'
2025-02-25T11:33:00.402+03:00  WARN 47465 --- [web_aplication] [main] JpaBaseConfiguration$JpaWebConfiguration : spring.jpa.open-in-view is enabled by default. Therefore, database queries may be performed during view rendering. Explicitly configure spring.jpa.open-in-view to disable this warning
2025-02-25T11:33:00.421+03:00  WARN 47465 --- [web_aplication] [main] .s.s.UserDetailsServiceAutoConfiguration : 

Using generated security password: f88872e4-7aeb-4e0b-898b-3d329eabc0db

This generated password is for development use only. Your security configuration must be updated before running your application in production.

2025-02-25T11:33:00.434+03:00  INFO 47465 --- [web_aplication] [main] r$InitializeUserDetailsManagerConfigurer : Global AuthenticationManager configured with UserDetailsService bean with name inMemoryUserDetailsManager
2025-02-25T11:33:00.781+03:00  WARN 47465 --- [web_aplication] [main] ion$DefaultTemplateResolverConfiguration : Cannot find template location: classpath:/templates/ (please add some templates, check your Thymeleaf configuration, or set spring.thymeleaf.check-template-location=false)
2025-02-25T11:33:00.940+03:00  INFO 47465 --- [web_aplication] [main] o.s.b.w.embedded.tomcat.TomcatWebServer  : Tomcat started on port 8080 (http) with context path '/'
2025-02-25T11:33:00.952+03:00  INFO 47465 --- [web_aplication] [main] c.e.w.WebAplicationApplication           : Started WebAplicationApplication in 4.482 seconds (process running for 4.871)
